<?xml version="1.0"?>
<testsuite name="Chrome Headless 151.0.0.0 (Windows 10)" package="" timestamp="2026-08-09T17:13:06" id="0" hostname="DESKTOP-C0NPM1R" tests="5" errors="0" failures="0" time="0.13">
  <properties>
    <property name="browser.fullName" value="Mozilla/5.0 (Windows NT 10.0; Win64; x64) AppleWebKit/537.36 (KHTML, like Gecko) HeadlessChrome/151.0.0.0 Safari/537.36"/>
  </properties>
  <testcase name="HomeComponent should create" time="0.097" classname="Chrome_Headless_151_0_0_0_(Windows_10).HomeComponent"/>
  <testcase name="AppComponent should have as title 'olympic-games-starter'" time="0.011" classname="Chrome_Headless_151_0_0_0_(Windows_10).AppComponent"/>
  <testcase name="AppComponent should create the app" time="0.004" classname="Chrome_Headless_151_0_0_0_(Windows_10).AppComponent"/>
  <testcase name="OlympicService should be created" time="0.004" classname="Chrome_Headless_151_0_0_0_(Windows_10).OlympicService"/>
  <testcase name="NotFoundComponent should create" time="0.014" classname="Chrome_Headless_151_0_0_0_(Windows_10).NotFoundComponent"/>
  <system-out>
    <![CDATA[
]]>
  </system-out>
  <system-err/>
</testsuite>