<?xml version="1.0" encoding="UTF-8"?>
<testsuite name="fr.oc.devops.backend.services.WorkshopServiceTest" tests="1" skipped="0" failures="0" errors="0" timestamp="2026-08-09T16:58:04" hostname="DESKTOP-C0NPM1R" time="0.026">
  <properties/>
  <testcase name="createWorkshop()" classname="fr.oc.devops.backend.services.WorkshopServiceTest" time="0.026"/>
  <system-out><![CDATA[17:58:04.021 [Test worker] INFO org.springframework.test.context.support.AnnotationConfigContextLoaderUtils -- Could not detect default configuration classes for test class [fr.oc.devops.backend.services.WorkshopServiceTest]: WorkshopServiceTest does not declare any static, non-private, non-final, nested classes annotated with @Configuration.
]]></system-out>
  <system-err><![CDATA[]]></system-err>
</testsuite>
